#
# A fatal error has been detected by the Java Runtime Environment:
#
#  SIGSEGV (0xb) at pc=0xb6d12798, pid=7792, tid=1871706944
#
# JRE version: 7.0_25-b15
# Java VM: Java HotSpot(TM) Server VM (23.25-b01 mixed mode linux-x86 )
# Problematic frame:
# V  [libjvm.so+0x412798]  java_lang_String::utf8_length(oopDesc*)+0x58
#
# Failed to write core dump. Core dumps have been disabled. To enable core dumping, try "ulimit -c unlimited" before starting Java again
#
# If you would like to submit a bug report, please visit:
#   http://bugreport.sun.com/bugreport/crash.jsp
#

---------------  T H R E A D  ---------------

Current thread (0x6fbec000):  JavaThread "JDWP Transport Listener: dt_socket" daemon [_thread_in_vm, id=7808, stack(0x6f8af000,0x6f900000)]

siginfo:si_signo=SIGSEGV: si_errno=0, si_code=1 (SEGV_MAPERR), si_addr=0x00000008

Registers:
EAX=0x00000000, EBX=0xb70f1110, ECX=0x00000000, EDX=0x9f4ad038
ESP=0x6f8fefa0, EBP=0x6f8fefa8, ESI=0x00000000, EDI=0x6fbec000
EIP=0xb6d12798, EFLAGS=0x00010246, CR2=0x00000008

Top of Stack: (sp=0x6f8fefa0)
0x6f8fefa0:   b70f1110 00000ffc 6f8feff8 b6d38828
0x6f8fefb0:   9f4ad038 6fbec128 6f8feff8 b683106b
0x6f8fefc0:   6fbec128 9f4ad038 b6781998 b683e16c
0x6f8fefd0:   6fbaf74c 6f8ff1cc 6fbec000 00000000
0x6f8fefe0:   6fbaf74c 6f8ff1cc 6fbec000 b683e16c
0x6f8feff0:   6f8ff1cc 6fbec128 6f8ff028 b6810443
0x6f8ff000:   6fbec128 6fbaf74c 00000000 b6826858
0x6f8ff010:   00000008 00000032 6fbaf74c b683e16c 

Instructions: (pc=0xb6d12798)
0xb6d12778:   02 31 d2 85 c0 74 04 8d 54 4e 0c 56 56 50 52 e8
0xb6d12788:   44 10 2f 00 8d 65 f8 5b 5e 5d c3 90 8d 74 26 00
0xb6d12798:   8b 46 08 eb dc 90 66 90 55 89 e5 57 56 53 83 ec
0xb6d127a8:   1c e8 00 00 00 00 5b 81 c3 62 e9 3d 00 8b 83 7c 

Register to memory mapping:

EAX=0x00000000 is an unknown value
EBX=0xb70f1110: <offset 0x7f1110> in /usr/lib/jvm/java-7-oracle/jre/lib/i386/server/libjvm.so at 0xb6900000
ECX=0x00000000 is an unknown value
EDX=0x9f4ad038 is an oop
java.lang.String 
 - klass: 'java/lang/String'
ESP=0x6f8fefa0 is pointing into the stack for thread: 0x6fbec000
EBP=0x6f8fefa8 is pointing into the stack for thread: 0x6fbec000
ESI=0x00000000 is an unknown value
EDI=0x6fbec000 is a thread


Stack: [0x6f8af000,0x6f900000],  sp=0x6f8fefa0,  free space=319k
Native frames: (J=compiled Java code, j=interpreted, Vv=VM code, C=native code)
V  [libjvm.so+0x412798]  java_lang_String::utf8_length(oopDesc*)+0x58
V  [libjvm.so+0x438828]  jni_GetStringUTFChars+0xa8
C  [libjdwp.so+0x9443]  value+0x93
C  [libjdwp.so+0x12723]  debugLoop_run+0x303
C  [libjdwp.so+0x26e6f]  connectionInitiated+0xbf
C  [libjdwp.so+0x26eb0]  attachThread+0x30
V  [libjvm.so+0x4d480c]  JvmtiAgentThread::call_start_function()+0x9c
V  [libjvm.so+0x6df1d4]  JavaThread::thread_main_inner()+0xf4
V  [libjvm.so+0x6df361]  JavaThread::run()+0x161
V  [libjvm.so+0x5dc401]  java_start(Thread*)+0x111
C  [libpthread.so.0+0x6d78]  start_thread+0xd8


---------------  P R O C E S S  ---------------

Java Threads: ( => current thread )
  0x6fbf4000 JavaThread "Service Thread" daemon [_thread_blocked, id=7818, stack(0x6f5ad000,0x6f5fe000)]
  0x6fbf2400 JavaThread "C2 CompilerThread1" daemon [_thread_blocked, id=7817, stack(0x6f5fe000,0x6f67f000)]
  0x6fbf0400 JavaThread "C2 CompilerThread0" daemon [_thread_blocked, id=7816, stack(0x6f67f000,0x6f700000)]
  0x6f900800 JavaThread "JDWP Command Reader" daemon [_thread_in_native, id=7812, stack(0x6f80d000,0x6f85e000)]
  0x6fbee800 JavaThread "JDWP Event Helper Thread" daemon [_thread_blocked, id=7811, stack(0x6f85e000,0x6f8af000)]
=>0x6fbec000 JavaThread "JDWP Transport Listener: dt_socket" daemon [_thread_in_vm, id=7808, stack(0x6f8af000,0x6f900000)]
  0x6fbe3800 JavaThread "Signal Dispatcher" daemon [_thread_blocked, id=7806, stack(0x6fa2e000,0x6fa7f000)]
  0x6fba8400 JavaThread "Finalizer" daemon [_thread_blocked, id=7805, stack(0x7292e000,0x7297f000)]
  0x6fba6800 JavaThread "Reference Handler" daemon [_thread_blocked, id=7804, stack(0x72c2e000,0x72c7f000)]
  0xb6708000 JavaThread "main" [_thread_blocked, id=7798, stack(0xb686c000,0xb68bd000)]

Other Threads:
  0x6fba1000 VMThread [stack: 0x6fa7f000,0x6fb00000] [id=7803]
  0x6fbfe400 WatcherThread [stack: 0x6f52c000,0x6f5ad000] [id=7819]

VM state:not at safepoint (normal execution)

VM Mutex/Monitor currently owned by a thread: None

Heap
 PSYoungGen      total 17920K, used 1858K [0x9f2e0000, 0xa06d0000, 0xb32e0000)
  eden space 15424K, 12% used [0x9f2e0000,0x9f4b08e8,0xa01f0000)
  from space 2496K, 0% used [0xa0460000,0xa0460000,0xa06d0000)
  to   space 2496K, 0% used [0xa01f0000,0xa01f0000,0xa0460000)
 ParOldGen       total 40960K, used 0K [0x772e0000, 0x79ae0000, 0x9f2e0000)
  object space 40960K, 0% used [0x772e0000,0x772e0000,0x79ae0000)
 PSPermGen       total 16384K, used 2351K [0x732e0000, 0x742e0000, 0x772e0000)
  object space 16384K, 14% used [0x732e0000,0x7352bdf8,0x742e0000)

Card table byte_map: [0x730df000,0x732e0000] byte_map_base: 0x72d45900

Polling page: 0xb771d000

Code Cache  [0xb33ad000, 0xb35ed000, 0xb63ad000)
 total_blobs=115 nmethods=10 adapters=66 free_code_cache=48845Kb largest_free_block=49998720

Compilation events (10 events):
Event: 0.223 Thread 0x6fbf2400    6             java.lang.String::replace (127 bytes)
Event: 0.223 Thread 0x6fbf0400    7             java.lang.String::equals (81 bytes)
Event: 0.229 Thread 0x6fbf0400 nmethod 7 0xb33f5248 code [0xb33f5360, 0xb33f55f0]
Event: 0.229 Thread 0x6fbf0400    8             java.io.DataOutputStream::writeUTF (435 bytes)
Event: 0.236 Thread 0x6fbf2400 nmethod 6 0xb33f8848 code [0xb33f8960, 0xb33f8e50]
Event: 0.236 Thread 0x6fbf2400    9             java.lang.Object::<init> (1 bytes)
Event: 0.236 Thread 0x6fbf2400 nmethod 9 0xb33f8608 code [0xb33f8700, 0xb33f8770]
Event: 0.236 Thread 0x6fbf2400   10             java.lang.String::lastIndexOf (52 bytes)
Event: 0.240 Thread 0x6fbf2400 nmethod 10 0xb33f4ec8 code [0xb33f4fe0, 0xb33f515c]
Event: 0.249 Thread 0x6fbf0400 nmethod 8 0xb33fd388 code [0xb33fd500, 0xb33fdf1c]

GC Heap History (0 events):
No events

Deoptimization events (0 events):
No events

Internal exceptions (10 events):
Event: 0.199 Thread 0xb6708000 Threw 0x9f417a70 at /HUDSON/workspace/jdk7u25-2-build-linux-i586-product/jdk7u25/hotspot/src/share/vm/prims/jvm.cpp:1235
Event: 0.218 Thread 0xb6708000 Threw 0x9f452bf0 at /HUDSON/workspace/jdk7u25-2-build-linux-i586-product/jdk7u25/hotspot/src/share/vm/prims/jvm.cpp:1235
Event: 0.219 Thread 0xb6708000 Threw 0x9f455b38 at /HUDSON/workspace/jdk7u25-2-build-linux-i586-product/jdk7u25/hotspot/src/share/vm/prims/jvm.cpp:1235
Event: 0.226 Thread 0xb6708000 Threw 0x9f46cf88 at /HUDSON/workspace/jdk7u25-2-build-linux-i586-product/jdk7u25/hotspot/src/share/vm/prims/jvm.cpp:1235
Event: 0.229 Thread 0xb6708000 Threw 0x9f471eb0 at /HUDSON/workspace/jdk7u25-2-build-linux-i586-product/jdk7u25/hotspot/src/share/vm/interpreter/interpreterRuntim
Event: 0.230 Thread 0xb6708000 Threw 0x9f473678 at /HUDSON/workspace/jdk7u25-2-build-linux-i586-product/jdk7u25/hotspot/src/share/vm/prims/jvm.cpp:1235
Event: 0.232 Thread 0xb6708000 Threw 0x9f477298 at /HUDSON/workspace/jdk7u25-2-build-linux-i586-product/jdk7u25/hotspot/src/share/vm/prims/jvm.cpp:1235
Event: 0.234 Thread 0xb6708000 Threw 0x9f47b9e0 at /HUDSON/workspace/jdk7u25-2-build-linux-i586-product/jdk7u25/hotspot/src/share/vm/prims/jvm.cpp:1235
Event: 0.234 Thread 0xb6708000 Threw 0x9f47eb98 at /HUDSON/workspace/jdk7u25-2-build-linux-i586-product/jdk7u25/hotspot/src/share/vm/prims/jvm.cpp:1235
Event: 0.237 Thread 0xb6708000 Threw 0x9f4aab10 at /HUDSON/workspace/jdk7u25-2-build-linux-i586-product/jdk7u25/hotspot/src/share/vm/prims/jvm.cpp:1235

Events (10 events):
Event: 122.705 Executing VM operation: GetCurrentLocation
Event: 122.705 Executing VM operation: GetCurrentLocation done
Event: 122.705 Executing VM operation: ChangeSingleStep
Event: 122.705 Executing VM operation: ChangeSingleStep done
Event: 122.706 Executing VM operation: ChangeSingleStep
Event: 122.706 Executing VM operation: ChangeSingleStep done
Event: 122.736 Executing VM operation: GetOrSetLocal
Event: 122.736 Executing VM operation: GetOrSetLocal done
Event: 123.134 Executing VM operation: GetOrSetLocal
Event: 123.134 Executing VM operation: GetOrSetLocal done


Dynamic libraries:
08048000-08049000 r-xp 00000000 08:06 4211167    /usr/lib/jvm/java-7-oracle/bin/java
08049000-0804a000 rw-p 00000000 08:06 4211167    /usr/lib/jvm/java-7-oracle/bin/java
09e6e000-09e8f000 rw-p 00000000 00:00 0          [heap]
6f22c000-6f400000 rw-p 00000000 00:00 0 
6f400000-6f488000 rw-p 00000000 00:00 0 
6f488000-6f500000 ---p 00000000 00:00 0 
6f52c000-6f52d000 ---p 00000000 00:00 0 
6f52d000-6f5ad000 rw-p 00000000 00:00 0          [stack:7819]
6f5ad000-6f5b0000 ---p 00000000 00:00 0 
6f5b0000-6f5fe000 rw-p 00000000 00:00 0          [stack:7818]
6f5fe000-6f601000 ---p 00000000 00:00 0 
6f601000-6f67f000 rw-p 00000000 00:00 0          [stack:7817]
6f67f000-6f682000 ---p 00000000 00:00 0 
6f682000-6f700000 rw-p 00000000 00:00 0          [stack:7816]
6f700000-6f721000 rw-p 00000000 00:00 0 
6f721000-6f800000 ---p 00000000 00:00 0 
6f80d000-6f810000 ---p 00000000 00:00 0 
6f810000-6f85e000 rw-p 00000000 00:00 0          [stack:7812]
6f85e000-6f861000 ---p 00000000 00:00 0 
6f861000-6f8af000 rw-p 00000000 00:00 0          [stack:7811]
6f8af000-6f8b2000 ---p 00000000 00:00 0 
6f8b2000-6f900000 rw-p 00000000 00:00 0          [stack:7808]
6f900000-6f921000 rw-p 00000000 00:00 0 
6f921000-6fa00000 ---p 00000000 00:00 0 
6fa2e000-6fa31000 ---p 00000000 00:00 0 
6fa31000-6fa7f000 rw-p 00000000 00:00 0          [stack:7806]
6fa7f000-6fa80000 ---p 00000000 00:00 0 
6fa80000-6fb00000 rw-p 00000000 00:00 0          [stack:7803]
6fb00000-6fc00000 rw-p 00000000 00:00 0 
6fc43000-6fe00000 r--s 039f9000 08:06 4211206    /usr/lib/jvm/java-7-oracle/jre/lib/rt.jar
6fe00000-72800000 rw-p 00000000 00:00 0 
72800000-72821000 rw-p 00000000 00:00 0 
72821000-72900000 ---p 00000000 00:00 0 
7292e000-72931000 ---p 00000000 00:00 0 
72931000-7297f000 rw-p 00000000 00:00 0          [stack:7805]
7297f000-72980000 ---p 00000000 00:00 0 
72980000-72a00000 rw-p 00000000 00:00 0          [stack:7802]
72a00000-72a21000 rw-p 00000000 00:00 0 
72a21000-72b00000 ---p 00000000 00:00 0 
72b00000-72bdb000 rw-p 00000000 00:00 0 
72bdb000-72c00000 ---p 00000000 00:00 0 
72c2e000-72c31000 ---p 00000000 00:00 0 
72c31000-72c7f000 rw-p 00000000 00:00 0          [stack:7804]
72c7f000-72c80000 ---p 00000000 00:00 0 
72c80000-72d00000 rw-p 00000000 00:00 0          [stack:7801]
72d00000-72d7d000 rw-p 00000000 00:00 0 
72d7d000-72e00000 ---p 00000000 00:00 0 
72e32000-72e7d000 rw-p 00000000 00:00 0 
72e7d000-72e7e000 ---p 00000000 00:00 0 
72e7e000-72efe000 rw-p 00000000 00:00 0          [stack:7800]
72efe000-72eff000 ---p 00000000 00:00 0 
72eff000-72f87000 rw-p 00000000 00:00 0          [stack:7799]
72f87000-72f9f000 rw-p 00000000 00:00 0 
72f9f000-72fb3000 rw-p 00000000 00:00 0 
72fb3000-730df000 rw-p 00000000 00:00 0 
730df000-730e7000 rw-p 00000000 00:00 0 
730e7000-730ff000 rw-p 00000000 00:00 0 
730ff000-73113000 rw-p 00000000 00:00 0 
73113000-7323f000 rw-p 00000000 00:00 0 
7323f000-73249000 rw-p 00000000 00:00 0 
73249000-732df000 rw-p 00000000 00:00 0 
732df000-742e0000 rw-p 00000000 00:00 0 
742e0000-772e0000 rw-p 00000000 00:00 0 
772e0000-79ae0000 rw-p 00000000 00:00 0 
79ae0000-9f2e0000 rw-p 00000000 00:00 0 
9f2e0000-a06d0000 rw-p 00000000 00:00 0 
a06d0000-b32e0000 rw-p 00000000 00:00 0 
b32ed000-b32f6000 rw-p 00000000 00:00 0 
b32f6000-b33ad000 rw-p 00000000 00:00 0 
b33ad000-b35ed000 rwxp 00000000 00:00 0 
b35ed000-b63ad000 rw-p 00000000 00:00 0 
b63ad000-b63c4000 r-xp 00000000 08:06 4333694    /usr/lib/jvm/java-7-oracle/jre/lib/i386/libzip.so
b63c4000-b63c5000 rw-p 00017000 08:06 4333694    /usr/lib/jvm/java-7-oracle/jre/lib/i386/libzip.so
b63c5000-b63d0000 r-xp 00000000 08:06 4194627    /lib/i386-linux-gnu/libnss_files-2.17.so
b63d0000-b63d1000 r--p 0000a000 08:06 4194627    /lib/i386-linux-gnu/libnss_files-2.17.so
b63d1000-b63d2000 rw-p 0000b000 08:06 4194627    /lib/i386-linux-gnu/libnss_files-2.17.so
b63d2000-b63dc000 r-xp 00000000 08:06 4194633    /lib/i386-linux-gnu/libnss_nis-2.17.so
b63dc000-b63dd000 r--p 00009000 08:06 4194633    /lib/i386-linux-gnu/libnss_nis-2.17.so
b63dd000-b63de000 rw-p 0000a000 08:06 4194633    /lib/i386-linux-gnu/libnss_nis-2.17.so
b63de000-b63f3000 r-xp 00000000 08:06 4194642    /lib/i386-linux-gnu/libnsl-2.17.so
b63f3000-b63f4000 r--p 00014000 08:06 4194642    /lib/i386-linux-gnu/libnsl-2.17.so
b63f4000-b63f5000 rw-p 00015000 08:06 4194642    /lib/i386-linux-gnu/libnsl-2.17.so
b63f5000-b63f7000 rw-p 00000000 00:00 0 
b6400000-b6402000 rw-p 00000000 00:00 0 
b6402000-b6409000 r--s 0003c000 08:06 5120003    /home/kazuki/git/cuick/libs/snakeyaml-1.12.jar
b6409000-b6411000 rw-s 00000000 08:06 4855730    /tmp/hsperfdata_kazuki/7792
b6411000-b6500000 r--p 002c8000 08:06 3014805    /usr/lib/locale/locale-archive
b6500000-b6700000 r--p 00000000 08:06 3014805    /usr/lib/locale/locale-archive
b6700000-b67fc000 rw-p 00000000 00:00 0 
b67fc000-b6800000 ---p 00000000 00:00 0 
b6800000-b6801000 rw-p 00000000 00:00 0 
b6801000-b6803000 r--s 0000d000 08:06 5119971    /home/kazuki/git/cuick/libs/args4j-2.0.21.jar
b6803000-b6806000 r-xp 00000000 08:06 4333698    /usr/lib/jvm/java-7-oracle/jre/lib/i386/libdt_socket.so
b6806000-b6807000 rw-p 00003000 08:06 4333698    /usr/lib/jvm/java-7-oracle/jre/lib/i386/libdt_socket.so
b6807000-b683e000 r-xp 00000000 08:06 4333704    /usr/lib/jvm/java-7-oracle/jre/lib/i386/libjdwp.so
b683e000-b683f000 rw-p 00037000 08:06 4333704    /usr/lib/jvm/java-7-oracle/jre/lib/i386/libjdwp.so
b683f000-b6862000 r-xp 00000000 08:06 4333671    /usr/lib/jvm/java-7-oracle/jre/lib/i386/libjava.so
b6862000-b6863000 rw-p 00022000 08:06 4333671    /usr/lib/jvm/java-7-oracle/jre/lib/i386/libjava.so
b6863000-b686a000 r-xp 00000000 08:06 4194623    /lib/i386-linux-gnu/librt-2.17.so
b686a000-b686b000 r--p 00006000 08:06 4194623    /lib/i386-linux-gnu/librt-2.17.so
b686b000-b686c000 rw-p 00007000 08:06 4194623    /lib/i386-linux-gnu/librt-2.17.so
b686c000-b686f000 ---p 00000000 00:00 0 
b686f000-b68bd000 rw-p 00000000 00:00 0          [stack:7798]
b68bd000-b68fe000 r-xp 00000000 08:06 4194626    /lib/i386-linux-gnu/libm-2.17.so
b68fe000-b68ff000 r--p 00040000 08:06 4194626    /lib/i386-linux-gnu/libm-2.17.so
b68ff000-b6900000 rw-p 00041000 08:06 4194626    /lib/i386-linux-gnu/libm-2.17.so
b6900000-b70b3000 r-xp 00000000 08:06 4333657    /usr/lib/jvm/java-7-oracle/jre/lib/i386/server/libjvm.so
b70b3000-b7106000 rw-p 007b2000 08:06 4333657    /usr/lib/jvm/java-7-oracle/jre/lib/i386/server/libjvm.so
b7106000-b7528000 rw-p 00000000 00:00 0 
b7528000-b76d5000 r-xp 00000000 08:06 4194628    /lib/i386-linux-gnu/libc-2.17.so
b76d5000-b76d7000 r--p 001ad000 08:06 4194628    /lib/i386-linux-gnu/libc-2.17.so
b76d7000-b76d8000 rw-p 001af000 08:06 4194628    /lib/i386-linux-gnu/libc-2.17.so
b76d8000-b76db000 rw-p 00000000 00:00 0 
b76db000-b76de000 r-xp 00000000 08:06 4194637    /lib/i386-linux-gnu/libdl-2.17.so
b76de000-b76df000 r--p 00002000 08:06 4194637    /lib/i386-linux-gnu/libdl-2.17.so
b76df000-b76e0000 rw-p 00003000 08:06 4194637    /lib/i386-linux-gnu/libdl-2.17.so
b76e0000-b76f3000 r-xp 00000000 08:06 4333681    /usr/lib/jvm/java-7-oracle/jre/lib/i386/jli/libjli.so
b76f3000-b76f4000 rw-p 00012000 08:06 4333681    /usr/lib/jvm/java-7-oracle/jre/lib/i386/jli/libjli.so
b76f4000-b76f5000 rw-p 00000000 00:00 0 
b76f5000-b770c000 r-xp 00000000 08:06 4194632    /lib/i386-linux-gnu/libpthread-2.17.so
b770c000-b770d000 r--p 00016000 08:06 4194632    /lib/i386-linux-gnu/libpthread-2.17.so
b770d000-b770e000 rw-p 00017000 08:06 4194632    /lib/i386-linux-gnu/libpthread-2.17.so
b770e000-b7710000 rw-p 00000000 00:00 0 
b7710000-b7717000 r-xp 00000000 08:06 4194625    /lib/i386-linux-gnu/libnss_compat-2.17.so
b7717000-b7718000 r--p 00006000 08:06 4194625    /lib/i386-linux-gnu/libnss_compat-2.17.so
b7718000-b7719000 rw-p 00007000 08:06 4194625    /lib/i386-linux-gnu/libnss_compat-2.17.so
b7719000-b771b000 r-xp 00000000 08:06 4333691    /usr/lib/jvm/java-7-oracle/jre/lib/i386/libnpt.so
b771b000-b771c000 rw-p 00002000 08:06 4333691    /usr/lib/jvm/java-7-oracle/jre/lib/i386/libnpt.so
b771c000-b771d000 rw-p 00000000 00:00 0 
b771d000-b771e000 r--p 00000000 00:00 0 
b771e000-b7729000 r-xp 00000000 08:06 4333667    /usr/lib/jvm/java-7-oracle/jre/lib/i386/libverify.so
b7729000-b772a000 rw-p 0000b000 08:06 4333667    /usr/lib/jvm/java-7-oracle/jre/lib/i386/libverify.so
b772a000-b772c000 rw-p 00000000 00:00 0 
b772c000-b772d000 r-xp 00000000 00:00 0          [vdso]
b772d000-b774d000 r-xp 00000000 08:06 4194641    /lib/i386-linux-gnu/ld-2.17.so
b774d000-b774e000 r--p 0001f000 08:06 4194641    /lib/i386-linux-gnu/ld-2.17.so
b774e000-b774f000 rw-p 00020000 08:06 4194641    /lib/i386-linux-gnu/ld-2.17.so
bffc5000-bffe6000 rw-p 00000000 00:00 0          [stack]

VM Arguments:
jvm_args: -agentlib:jdwp=transport=dt_socket,suspend=y,address=localhost:41964 -Dfile.encoding=UTF-8 
java_command: jp.long_long_float.cuick.compiler.Compiler -w at-test.cuick
Launcher Type: SUN_STANDARD

Environment Variables:
PATH=/home/kazuki/bin:/usr/lib/lightdm/lightdm:/usr/local/sbin:/usr/local/bin:/usr/sbin:/usr/bin:/sbin:/bin:/usr/games:/usr/local/games
LD_LIBRARY_PATH=/usr/lib/jvm/java-7-oracle/jre/lib/i386/server:/usr/lib/jvm/java-7-oracle/jre/lib/i386:/usr/lib/jvm/java-7-oracle/jre/../lib/i386:/usr/lib/jvm/java-7-oracle/jre/lib/i386/client:/usr/lib/jvm/java-7-oracle/jre/lib/i386:
SHELL=/bin/bash
DISPLAY=:0

Signal Handlers:
SIGSEGV: [libjvm.so+0x71d560], sa_mask[0]=0x7ffbfeff, sa_flags=0x10000004
SIGBUS: [libjvm.so+0x71d560], sa_mask[0]=0x7ffbfeff, sa_flags=0x10000004
SIGFPE: [libjvm.so+0x5d74f0], sa_mask[0]=0x7ffbfeff, sa_flags=0x10000004
SIGPIPE: [libjvm.so+0x5d74f0], sa_mask[0]=0x7ffbfeff, sa_flags=0x10000004
SIGXFSZ: [libjvm.so+0x5d74f0], sa_mask[0]=0x7ffbfeff, sa_flags=0x10000004
SIGILL: [libjvm.so+0x5d74f0], sa_mask[0]=0x7ffbfeff, sa_flags=0x10000004
SIGUSR1: SIG_DFL, sa_mask[0]=0x00000000, sa_flags=0x00000000
SIGUSR2: [libjvm.so+0x5d6dd0], sa_mask[0]=0x00000004, sa_flags=0x10000004
SIGHUP: [libjvm.so+0x5d93c0], sa_mask[0]=0x7ffbfeff, sa_flags=0x10000004
SIGINT: [libjvm.so+0x5d93c0], sa_mask[0]=0x7ffbfeff, sa_flags=0x10000004
SIGTERM: [libjvm.so+0x5d93c0], sa_mask[0]=0x7ffbfeff, sa_flags=0x10000004
SIGQUIT: [libjvm.so+0x5d93c0], sa_mask[0]=0x7ffbfeff, sa_flags=0x10000004


---------------  S Y S T E M  ---------------

OS:wheezy/sid

uname:Linux 3.8.0-27-generic #40-Ubuntu SMP Tue Jul 9 00:19:35 UTC 2013 i686
libc:glibc 2.17 NPTL 2.17 
rlimit: STACK 8192k, CORE 0k, NPROC 30549, NOFILE 4096, AS infinity
load average:0.01 0.07 0.15

/proc/meminfo:
MemTotal:        3926840 kB
MemFree:         1373216 kB
Buffers:          104216 kB
Cached:          1228240 kB
SwapCached:            0 kB
Active:          1471096 kB
Inactive:         971344 kB
Active(anon):    1111240 kB
Inactive(anon):   373992 kB
Active(file):     359856 kB
Inactive(file):   597352 kB
Unevictable:          64 kB
Mlocked:              64 kB
HighTotal:       3075328 kB
HighFree:         708540 kB
LowTotal:         851512 kB
LowFree:          664676 kB
SwapTotal:      12397564 kB
SwapFree:       12397564 kB
Dirty:                48 kB
Writeback:             0 kB
AnonPages:       1110168 kB
Mapped:           222908 kB
Shmem:            375232 kB
Slab:              61396 kB
SReclaimable:      38552 kB
SUnreclaim:        22844 kB
KernelStack:        5256 kB
PageTables:        19176 kB
NFS_Unstable:          0 kB
Bounce:                0 kB
WritebackTmp:          0 kB
CommitLimit:    14360984 kB
Committed_AS:    5698536 kB
VmallocTotal:     122880 kB
VmallocUsed:       18388 kB
VmallocChunk:     101564 kB
HardwareCorrupted:     0 kB
AnonHugePages:         0 kB
HugePages_Total:       0
HugePages_Free:        0
HugePages_Rsvd:        0
HugePages_Surp:        0
Hugepagesize:       2048 kB
DirectMap4k:       10232 kB
DirectMap2M:      903168 kB


CPU:total 4 (2 cores per cpu, 2 threads per core) family 6 model 37 stepping 5, cmov, cx8, fxsr, mmx, sse, sse2, sse3, ssse3, sse4.1, sse4.2, popcnt, ht, tsc, tscinvbit

/proc/cpuinfo:
processor	: 0
vendor_id	: GenuineIntel
cpu family	: 6
model		: 37
model name	: Intel(R) Core(TM) i3 CPU       M 380  @ 2.53GHz
stepping	: 5
microcode	: 0x2
cpu MHz		: 2399.000
cache size	: 3072 KB
physical id	: 0
siblings	: 4
core id		: 0
cpu cores	: 2
apicid		: 0
initial apicid	: 0
fdiv_bug	: no
hlt_bug		: no
f00f_bug	: no
coma_bug	: no
fpu		: yes
fpu_exception	: yes
cpuid level	: 11
wp		: yes
flags		: fpu vme de pse tsc msr pae mce cx8 apic sep mtrr pge mca cmov pat pse36 clflush dts acpi mmx fxsr sse sse2 ss ht tm pbe nx rdtscp lm constant_tsc arch_perfmon pebs bts xtopology nonstop_tsc aperfmperf pni dtes64 monitor ds_cpl vmx est tm2 ssse3 cx16 xtpr pdcm pcid sse4_1 sse4_2 popcnt lahf_lm arat dtherm tpr_shadow vnmi flexpriority ept vpid
bogomips	: 5053.54
clflush size	: 64
cache_alignment	: 64
address sizes	: 36 bits physical, 48 bits virtual
power management:

processor	: 1
vendor_id	: GenuineIntel
cpu family	: 6
model		: 37
model name	: Intel(R) Core(TM) i3 CPU       M 380  @ 2.53GHz
stepping	: 5
microcode	: 0x2
cpu MHz		: 933.000
cache size	: 3072 KB
physical id	: 0
siblings	: 4
core id		: 0
cpu cores	: 2
apicid		: 1
initial apicid	: 1
fdiv_bug	: no
hlt_bug		: no
f00f_bug	: no
coma_bug	: no
fpu		: yes
fpu_exception	: yes
cpuid level	: 11
wp		: yes
flags		: fpu vme de pse tsc msr pae mce cx8 apic sep mtrr pge mca cmov pat pse36 clflush dts acpi mmx fxsr sse sse2 ss ht tm pbe nx rdtscp lm constant_tsc arch_perfmon pebs bts xtopology nonstop_tsc aperfmperf pni dtes64 monitor ds_cpl vmx est tm2 ssse3 cx16 xtpr pdcm pcid sse4_1 sse4_2 popcnt lahf_lm arat dtherm tpr_shadow vnmi flexpriority ept vpid
bogomips	: 5053.54
clflush size	: 64
cache_alignment	: 64
address sizes	: 36 bits physical, 48 bits virtual
power management:

processor	: 2
vendor_id	: GenuineIntel
cpu family	: 6
model		: 37
model name	: Intel(R) Core(TM) i3 CPU       M 380  @ 2.53GHz
stepping	: 5
microcode	: 0x2
cpu MHz		: 933.000
cache size	: 3072 KB
physical id	: 0
siblings	: 4
core id		: 2
cpu cores	: 2
apicid		: 4
initial apicid	: 4
fdiv_bug	: no
hlt_bug		: no
f00f_bug	: no
coma_bug	: no
fpu		: yes
fpu_exception	: yes
cpuid level	: 11
wp		: yes
flags		: fpu vme de pse tsc msr pae mce cx8 apic sep mtrr pge mca cmov pat pse36 clflush dts acpi mmx fxsr sse sse2 ss ht tm pbe nx rdtscp lm constant_tsc arch_perfmon pebs bts xtopology nonstop_tsc aperfmperf pni dtes64 monitor ds_cpl vmx est tm2 ssse3 cx16 xtpr pdcm pcid sse4_1 sse4_2 popcnt lahf_lm arat dtherm tpr_shadow vnmi flexpriority ept vpid
bogomips	: 5053.54
clflush size	: 64
cache_alignment	: 64
address sizes	: 36 bits physical, 48 bits virtual
power management:

processor	: 3
vendor_id	: GenuineIntel
cpu family	: 6
model		: 37
model name	: Intel(R) Core(TM) i3 CPU       M 380  @ 2.53GHz
stepping	: 5
microcode	: 0x2
cpu MHz		: 933.000
cache size	: 3072 KB
physical id	: 0
siblings	: 4
core id		: 2
cpu cores	: 2
apicid		: 5
initial apicid	: 5
fdiv_bug	: no
hlt_bug		: no
f00f_bug	: no
coma_bug	: no
fpu		: yes
fpu_exception	: yes
cpuid level	: 11
wp		: yes
flags		: fpu vme de pse tsc msr pae mce cx8 apic sep mtrr pge mca cmov pat pse36 clflush dts acpi mmx fxsr sse sse2 ss ht tm pbe nx rdtscp lm constant_tsc arch_perfmon pebs bts xtopology nonstop_tsc aperfmperf pni dtes64 monitor ds_cpl vmx est tm2 ssse3 cx16 xtpr pdcm pcid sse4_1 sse4_2 popcnt lahf_lm arat dtherm tpr_shadow vnmi flexpriority ept vpid
bogomips	: 5053.54
clflush size	: 64
cache_alignment	: 64
address sizes	: 36 bits physical, 48 bits virtual
power management:



Memory: 4k page, physical 3926840k(1373216k free), swap 12397564k(12397564k free)

vm_info: Java HotSpot(TM) Server VM (23.25-b01) for linux-x86 JRE (1.7.0_25-b15), built on Jun  5 2013 20:53:39 by "java_re" with gcc 4.3.0 20080428 (Red Hat 4.3.0-8)

time: Thu Aug 29 20:48:28 2013
elapsed time: 123 seconds

